Arguments: 
  C:\Program Files\nodejs\node.exe C:\Program Files (x86)\Yarn\bin\yarn.js add vue-template-compiler -D

PATH: 
  C:\Users\Administrator\bin;C:\Program Files\Git\mingw64\bin;C:\Program Files\Git\usr\local\bin;C:\Program Files\Git\usr\bin;C:\Program Files\Git\usr\bin;C:\Program Files\Git\mingw64\bin;C:\Program Files\Git\usr\bin;C:\Users\Administrator\bin;C:\WINDOWS\system32;C:\WINDOWS;C:\WINDOWS\System32\Wbem;C:\WINDOWS\System32\WindowsPowerShell\v1.0;C:\WINDOWS\System32\OpenSSH;C:\Program Files\nodejs;C:\Program Files\Git\cmd;C:\Program Files\Git\mingw64\bin;C:\Program Files\Git\usr\bin;C:\Program Files (x86)\Yarn\bin;C:\Users\Administrator\AppData\Local\Microsoft\WindowsApps;C:\Users\Administrator\AppData\Local\Programs\Microsoft VS Code\bin;C:\Users\Administrator\AppData\Roaming\npm;C:\Users\Administrator\AppData\Local\Yarn\bin;C:\Program Files\Git\usr\bin\vendor_perl;C:\Program Files\Git\usr\bin\core_perl

Yarn version: 
  1.15.2

Node version: 
  10.15.3

Platform: 
  win32 x64

Trace: 
  Error: EPERM: operation not permitted, unlink 'D:\practice\gulu\node_modules\deasync\bin\win32-x64-node-10\deasync.node'

npm manifest: 
  {
    "name": "gulu",
    "version": "1.0.0",
    "description": "vue造轮子",
    "main": "index.js",
    "scripts": {
      "test": "echo \"Error: no test specified\" && exit 1"
    },
    "repository": {
      "type": "git",
      "url": "git+https://github.com/rollingrotator/vue-gulu.git"
    },
    "keywords": [
      "vue"
    ],
    "author": "ping",
    "license": "MIT",
    "bugs": {
      "url": "https://github.com/rollingrotator/vue-gulu/issues"
    },
    "homepage": "https://github.com/rollingrotator/vue-gulu#readme",
    "dependencies": {
      "vue": "^2.6.9"
    },
    "devDependencies": {
      "parcel-bundler": "^1.12.2"
    },
    "alias": {
      "vue": "./node_modules/vue/dist/vue.common.js"
    }
  }

yarn manifest: 
  No manifest

Lockfile: 
  # THIS IS AN AUTOGENERATED FILE. DO NOT EDIT THIS FILE DIRECTLY.
  # yarn lockfile v1
  
  
  vue@^2.6.9:
    version "2.6.9"
    resolved "http://registry.npm.taobao.org/vue/download/vue-2.6.9.tgz#415c1cc1a5ed00c8f0acdd0a948139d12b7ea6b3"
    integrity sha1-QVwcwaXtAMjwrN0KlIE50St+prM=
